<?xml version="1.0" encoding="UTF-8"?>
<testng-results ignored="0" total="1" passed="1" failed="0" skipped="0">
  <reporter-output>
  </reporter-output>
  <suite started-at="2018-10-03T19:33:00Z" name="Default suite" finished-at="2018-10-03T19:33:53Z" duration-ms="52541">
    <groups>
    </groups>
    <test started-at="2018-10-03T19:33:00Z" name="Default test" finished-at="2018-10-03T19:33:53Z" duration-ms="52541">
      <class name="com.amazon.qa.testcases.IdeaSortTest">
        <test-method is-config="true" signature="setUp()[pri:0, instance:com.amazon.qa.testcases.IdeaSortTest@5f683daf]" started-at="2018-10-03T19:33:00Z" name="setUp" finished-at="2018-10-03T19:33:34Z" duration-ms="33214" status="PASS">
          <reporter-output>
          </reporter-output>
        </test-method> <!-- setUp -->
        <test-method signature="addIdeaDescription()[pri:0, instance:com.amazon.qa.testcases.IdeaSortTest@5f683daf]" started-at="2018-10-03T19:33:34Z" name="addIdeaDescription" finished-at="2018-10-03T19:33:50Z" duration-ms="16588" status="PASS">
          <reporter-output>
          </reporter-output>
        </test-method> <!-- addIdeaDescription -->
        <test-method is-config="true" signature="tearDown()[pri:0, instance:com.amazon.qa.testcases.IdeaSortTest@5f683daf]" started-at="2018-10-03T19:33:50Z" name="tearDown" finished-at="2018-10-03T19:33:53Z" duration-ms="2687" status="PASS">
          <reporter-output>
          </reporter-output>
        </test-method> <!-- tearDown -->
      </class> <!-- com.amazon.qa.testcases.IdeaSortTest -->
    </test> <!-- Default test -->
  </suite> <!-- Default suite -->
</testng-results>
